The target system is: Generic -  - 
The host system is: Darwin - 19.3.0 - x86_64
Compiling the C compiler identification source file "CMakeCCompilerId.c" succeeded.
Compiler: /usr/local/bin/avr-gcc 
Build flags: 
Id flags:  

The output was:
0


Compilation of the C compiler identification source "CMakeCCompilerId.c" produced "a.out"

The C compiler identification is GNU, found in "/Users/avlec/Downloads/P2_WRR/P2_WRR/cmake-build-debug/CMakeFiles/3.16.0/CompilerIdC/a.out"

Checking whether the ASM compiler is GNU using "--version" matched "(GNU assembler)|(GCC)|(Free Software Foundation)":
avr-gcc (GCC) 9.2.0
Copyright (C) 2019 Free Software Foundation, Inc.
This is free software; see the source for copying conditions.  There is NO
warranty; not even for MERCHANTABILITY or FITNESS FOR A PARTICULAR PURPOSE.

Determining if the C compiler works passed with the following output:
Change Dir: /Users/avlec/Downloads/P2_WRR/P2_WRR/cmake-build-debug/CMakeFiles/CMakeTmp

Run Build Command(s):/usr/bin/make cmTC_5b3d0/fast && /Library/Developer/CommandLineTools/usr/bin/make -f CMakeFiles/cmTC_5b3d0.dir/build.make CMakeFiles/cmTC_5b3d0.dir/build
Building C object CMakeFiles/cmTC_5b3d0.dir/testCCompiler.c.obj
/usr/local/bin/avr-gcc    -o CMakeFiles/cmTC_5b3d0.dir/testCCompiler.c.obj   -c /Users/avlec/Downloads/P2_WRR/P2_WRR/cmake-build-debug/CMakeFiles/CMakeTmp/testCCompiler.c
Linking C executable cmTC_5b3d0
"/Users/avlec/Library/Application Support/JetBrains/Toolbox/apps/CLion/ch-0/201.5616.31/CLion 2020.1 EAP.app/Contents/bin/cmake/mac/bin/cmake" -E cmake_link_script CMakeFiles/cmTC_5b3d0.dir/link.txt --verbose=1
/usr/local/bin/avr-gcc      CMakeFiles/cmTC_5b3d0.dir/testCCompiler.c.obj  -o cmTC_5b3d0 



Detecting C compiler ABI info compiled with the following output:
Change Dir: /Users/avlec/Downloads/P2_WRR/P2_WRR/cmake-build-debug/CMakeFiles/CMakeTmp

Run Build Command(s):/usr/bin/make cmTC_3e5c3/fast && /Library/Developer/CommandLineTools/usr/bin/make -f CMakeFiles/cmTC_3e5c3.dir/build.make CMakeFiles/cmTC_3e5c3.dir/build
Building C object CMakeFiles/cmTC_3e5c3.dir/CMakeCCompilerABI.c.obj
/usr/local/bin/avr-gcc   -v -o CMakeFiles/cmTC_3e5c3.dir/CMakeCCompilerABI.c.obj   -c "/Users/avlec/Library/Application Support/JetBrains/Toolbox/apps/CLion/ch-0/201.5616.31/CLion 2020.1 EAP.app/Contents/bin/cmake/mac/share/cmake-3.16/Modules/CMakeCCompilerABI.c"
Using built-in specs.
Reading specs from /usr/local/Cellar/avr-gcc/9.2.0_1/lib/avr-gcc/9/gcc/avr/9.2.0/device-specs/specs-avr2
COLLECT_GCC=/usr/local/bin/avr-gcc
Target: avr
Configured with: ../configure --target=avr --prefix=/usr/local/Cellar/avr-gcc/9.2.0_1 --libdir=/usr/local/Cellar/avr-gcc/9.2.0_1/lib/avr-gcc/9 --enable-languages=c,c++ --with-ld=/usr/local/opt/avr-binutils/bin/avr-ld --with-as=/usr/local/opt/avr-binutils/bin/avr-as --disable-nls --disable-libssp --disable-shared --disable-threads --disable-libgomp --with-dwarf2
Thread model: single
gcc version 9.2.0 (GCC) 
COLLECT_GCC_OPTIONS='-v' '-o' 'CMakeFiles/cmTC_3e5c3.dir/CMakeCCompilerABI.c.obj' '-c' '-specs=device-specs/specs-avr2'
 /usr/local/Cellar/avr-gcc/9.2.0_1/libexec/gcc/avr/9.2.0/cc1 -quiet -v /Users/avlec/Library/Application Support/JetBrains/Toolbox/apps/CLion/ch-0/201.5616.31/CLion 2020.1 EAP.app/Contents/bin/cmake/mac/share/cmake-3.16/Modules/CMakeCCompilerABI.c -mn-flash=6 -mskip-bug -quiet -dumpbase CMakeCCompilerABI.c -auxbase-strip CMakeFiles/cmTC_3e5c3.dir/CMakeCCompilerABI.c.obj -version -o /var/folders/l_/0v3r2nws4fxgl5gyvt4d0y3c0000gn/T//ccpRkAd3.s
GNU C17 (GCC) version 9.2.0 (avr)
	compiled by GNU C version 4.2.1 Compatible Apple LLVM 11.0.0 (clang-1100.0.33.16), GMP version 6.1.2, MPFR version 4.0.2, MPC version 1.1.0, isl version isl-0.22-GMP

GGC heuristics: --param ggc-min-expand=100 --param ggc-min-heapsize=131072
ignoring nonexistent directory "/usr/local/Cellar/avr-gcc/9.2.0_1/lib/avr-gcc/9/gcc/avr/9.2.0/../../../../../../avr/sys-include"
#include "..." search starts here:
#include <...> search starts here:
 /usr/local/Cellar/avr-gcc/9.2.0_1/lib/avr-gcc/9/gcc/avr/9.2.0/include
 /usr/local/Cellar/avr-gcc/9.2.0_1/lib/avr-gcc/9/gcc/avr/9.2.0/include-fixed
 /usr/local/Cellar/avr-gcc/9.2.0_1/lib/avr-gcc/9/gcc/avr/9.2.0/../../../../../../avr/include
End of search list.
GNU C17 (GCC) version 9.2.0 (avr)
	compiled by GNU C version 4.2.1 Compatible Apple LLVM 11.0.0 (clang-1100.0.33.16), GMP version 6.1.2, MPFR version 4.0.2, MPC version 1.1.0, isl version isl-0.22-GMP

GGC heuristics: --param ggc-min-expand=100 --param ggc-min-heapsize=131072
Compiler executable checksum: 40897289119adaa2229c362d7533e31f
COLLECT_GCC_OPTIONS='-v' '-o' 'CMakeFiles/cmTC_3e5c3.dir/CMakeCCompilerABI.c.obj' '-c' '-specs=device-specs/specs-avr2'
 /usr/local/opt/avr-binutils/bin/avr-as -v -mmcu=avr2 -mgcc-isr -o CMakeFiles/cmTC_3e5c3.dir/CMakeCCompilerABI.c.obj /var/folders/l_/0v3r2nws4fxgl5gyvt4d0y3c0000gn/T//ccpRkAd3.s
GNU assembler version 2.33.1 (avr) using BFD version (GNU Binutils) 2.33.1
COMPILER_PATH=/usr/local/Cellar/avr-gcc/9.2.0_1/libexec/gcc/avr/9.2.0/:/usr/local/Cellar/avr-gcc/9.2.0_1/libexec/gcc/avr/9.2.0/:/usr/local/Cellar/avr-gcc/9.2.0_1/libexec/gcc/avr/:/usr/local/Cellar/avr-gcc/9.2.0_1/lib/avr-gcc/9/gcc/avr/9.2.0/:/usr/local/Cellar/avr-gcc/9.2.0_1/lib/avr-gcc/9/gcc/avr/
LIBRARY_PATH=/usr/local/Cellar/avr-gcc/9.2.0_1/lib/avr-gcc/9/gcc/avr/9.2.0/:/usr/local/Cellar/avr-gcc/9.2.0_1/lib/avr-gcc/9/gcc/avr/9.2.0/../../../../../../avr/lib/
COLLECT_GCC_OPTIONS='-v' '-o' 'CMakeFiles/cmTC_3e5c3.dir/CMakeCCompilerABI.c.obj' '-c' '-specs=device-specs/specs-avr2'
Linking C executable cmTC_3e5c3
"/Users/avlec/Library/Application Support/JetBrains/Toolbox/apps/CLion/ch-0/201.5616.31/CLion 2020.1 EAP.app/Contents/bin/cmake/mac/bin/cmake" -E cmake_link_script CMakeFiles/cmTC_3e5c3.dir/link.txt --verbose=1
/usr/local/bin/avr-gcc     -v CMakeFiles/cmTC_3e5c3.dir/CMakeCCompilerABI.c.obj  -o cmTC_3e5c3 
Using built-in specs.
Reading specs from /usr/local/Cellar/avr-gcc/9.2.0_1/lib/avr-gcc/9/gcc/avr/9.2.0/device-specs/specs-avr2
COLLECT_GCC=/usr/local/bin/avr-gcc
COLLECT_LTO_WRAPPER=/usr/local/Cellar/avr-gcc/9.2.0_1/libexec/gcc/avr/9.2.0/lto-wrapper
Target: avr
Configured with: ../configure --target=avr --prefix=/usr/local/Cellar/avr-gcc/9.2.0_1 --libdir=/usr/local/Cellar/avr-gcc/9.2.0_1/lib/avr-gcc/9 --enable-languages=c,c++ --with-ld=/usr/local/opt/avr-binutils/bin/avr-ld --with-as=/usr/local/opt/avr-binutils/bin/avr-as --disable-nls --disable-libssp --disable-shared --disable-threads --disable-libgomp --with-dwarf2
Thread model: single
gcc version 9.2.0 (GCC) 
COMPILER_PATH=/usr/local/Cellar/avr-gcc/9.2.0_1/libexec/gcc/avr/9.2.0/:/usr/local/Cellar/avr-gcc/9.2.0_1/libexec/gcc/avr/9.2.0/:/usr/local/Cellar/avr-gcc/9.2.0_1/libexec/gcc/avr/:/usr/local/Cellar/avr-gcc/9.2.0_1/lib/avr-gcc/9/gcc/avr/9.2.0/:/usr/local/Cellar/avr-gcc/9.2.0_1/lib/avr-gcc/9/gcc/avr/
LIBRARY_PATH=/usr/local/Cellar/avr-gcc/9.2.0_1/lib/avr-gcc/9/gcc/avr/9.2.0/:/usr/local/Cellar/avr-gcc/9.2.0_1/lib/avr-gcc/9/gcc/avr/9.2.0/../../../../../../avr/lib/
COLLECT_GCC_OPTIONS='-v' '-o' 'cmTC_3e5c3' '-specs=device-specs/specs-avr2'
 /usr/local/Cellar/avr-gcc/9.2.0_1/libexec/gcc/avr/9.2.0/collect2 -plugin /usr/local/Cellar/avr-gcc/9.2.0_1/libexec/gcc/avr/9.2.0/liblto_plugin.so -plugin-opt=/usr/local/Cellar/avr-gcc/9.2.0_1/libexec/gcc/avr/9.2.0/lto-wrapper -plugin-opt=-fresolution=/var/folders/l_/0v3r2nws4fxgl5gyvt4d0y3c0000gn/T//cc62rYov.res -plugin-opt=-pass-through=-lgcc -plugin-opt=-pass-through=-lm -plugin-opt=-pass-through=-lc -o cmTC_3e5c3 -L/usr/local/Cellar/avr-gcc/9.2.0_1/lib/avr-gcc/9/gcc/avr/9.2.0 -L/usr/local/Cellar/avr-gcc/9.2.0_1/lib/avr-gcc/9/gcc/avr/9.2.0/../../../../../../avr/lib CMakeFiles/cmTC_3e5c3.dir/CMakeCCompilerABI.c.obj --start-group -lgcc -lm -lc --end-group
COLLECT_GCC_OPTIONS='-v' '-o' 'cmTC_3e5c3' '-specs=device-specs/specs-avr2'



Parsed C implicit include dir info from above output: rv=done
  found start of include info
  found start of implicit include info
    add: [/usr/local/Cellar/avr-gcc/9.2.0_1/lib/avr-gcc/9/gcc/avr/9.2.0/include]
    add: [/usr/local/Cellar/avr-gcc/9.2.0_1/lib/avr-gcc/9/gcc/avr/9.2.0/include-fixed]
    add: [/usr/local/Cellar/avr-gcc/9.2.0_1/lib/avr-gcc/9/gcc/avr/9.2.0/../../../../../../avr/include]
  end of search list found
  collapse include dir [/usr/local/Cellar/avr-gcc/9.2.0_1/lib/avr-gcc/9/gcc/avr/9.2.0/include] ==> [/usr/local/Cellar/avr-gcc/9.2.0_1/lib/avr-gcc/9/gcc/avr/9.2.0/include]
  collapse include dir [/usr/local/Cellar/avr-gcc/9.2.0_1/lib/avr-gcc/9/gcc/avr/9.2.0/include-fixed] ==> [/usr/local/Cellar/avr-gcc/9.2.0_1/lib/avr-gcc/9/gcc/avr/9.2.0/include-fixed]
  collapse include dir [/usr/local/Cellar/avr-gcc/9.2.0_1/lib/avr-gcc/9/gcc/avr/9.2.0/../../../../../../avr/include] ==> [/usr/local/Cellar/avr-gcc/9.2.0_1/avr/include]
  implicit include dirs: [/usr/local/Cellar/avr-gcc/9.2.0_1/lib/avr-gcc/9/gcc/avr/9.2.0/include;/usr/local/Cellar/avr-gcc/9.2.0_1/lib/avr-gcc/9/gcc/avr/9.2.0/include-fixed;/usr/local/Cellar/avr-gcc/9.2.0_1/avr/include]


Parsed C implicit link information from above output:
  link line regex: [^( *|.*[/\])(avr-ld|CMAKE_LINK_STARTFILE-NOTFOUND|([^/\]+-)?ld|collect2)[^/\]*( |$)]
  ignore line: [Change Dir: /Users/avlec/Downloads/P2_WRR/P2_WRR/cmake-build-debug/CMakeFiles/CMakeTmp]
  ignore line: []
  ignore line: [Run Build Command(s):/usr/bin/make cmTC_3e5c3/fast && /Library/Developer/CommandLineTools/usr/bin/make -f CMakeFiles/cmTC_3e5c3.dir/build.make CMakeFiles/cmTC_3e5c3.dir/build]
  ignore line: [Building C object CMakeFiles/cmTC_3e5c3.dir/CMakeCCompilerABI.c.obj]
  ignore line: [/usr/local/bin/avr-gcc   -v -o CMakeFiles/cmTC_3e5c3.dir/CMakeCCompilerABI.c.obj   -c "/Users/avlec/Library/Application Support/JetBrains/Toolbox/apps/CLion/ch-0/201.5616.31/CLion 2020.1 EAP.app/Contents/bin/cmake/mac/share/cmake-3.16/Modules/CMakeCCompilerABI.c"]
  ignore line: [Using built-in specs.]
  ignore line: [Reading specs from /usr/local/Cellar/avr-gcc/9.2.0_1/lib/avr-gcc/9/gcc/avr/9.2.0/device-specs/specs-avr2]
  ignore line: [COLLECT_GCC=/usr/local/bin/avr-gcc]
  ignore line: [Target: avr]
  ignore line: [Configured with: ../configure --target=avr --prefix=/usr/local/Cellar/avr-gcc/9.2.0_1 --libdir=/usr/local/Cellar/avr-gcc/9.2.0_1/lib/avr-gcc/9 --enable-languages=c,c++ --with-ld=/usr/local/opt/avr-binutils/bin/avr-ld --with-as=/usr/local/opt/avr-binutils/bin/avr-as --disable-nls --disable-libssp --disable-shared --disable-threads --disable-libgomp --with-dwarf2]
  ignore line: [Thread model: single]
  ignore line: [gcc version 9.2.0 (GCC) ]
  ignore line: [COLLECT_GCC_OPTIONS='-v' '-o' 'CMakeFiles/cmTC_3e5c3.dir/CMakeCCompilerABI.c.obj' '-c' '-specs=device-specs/specs-avr2']
  ignore line: [ /usr/local/Cellar/avr-gcc/9.2.0_1/libexec/gcc/avr/9.2.0/cc1 -quiet -v /Users/avlec/Library/Application Support/JetBrains/Toolbox/apps/CLion/ch-0/201.5616.31/CLion 2020.1 EAP.app/Contents/bin/cmake/mac/share/cmake-3.16/Modules/CMakeCCompilerABI.c -mn-flash=6 -mskip-bug -quiet -dumpbase CMakeCCompilerABI.c -auxbase-strip CMakeFiles/cmTC_3e5c3.dir/CMakeCCompilerABI.c.obj -version -o /var/folders/l_/0v3r2nws4fxgl5gyvt4d0y3c0000gn/T//ccpRkAd3.s]
  ignore line: [GNU C17 (GCC) version 9.2.0 (avr)]
  ignore line: [	compiled by GNU C version 4.2.1 Compatible Apple LLVM 11.0.0 (clang-1100.0.33.16)  GMP version 6.1.2  MPFR version 4.0.2  MPC version 1.1.0  isl version isl-0.22-GMP]
  ignore line: []
  ignore line: [GGC heuristics: --param ggc-min-expand=100 --param ggc-min-heapsize=131072]
  ignore line: [ignoring nonexistent directory "/usr/local/Cellar/avr-gcc/9.2.0_1/lib/avr-gcc/9/gcc/avr/9.2.0/../../../../../../avr/sys-include"]
  ignore line: [#include "..." search starts here:]
  ignore line: [#include <...> search starts here:]
  ignore line: [ /usr/local/Cellar/avr-gcc/9.2.0_1/lib/avr-gcc/9/gcc/avr/9.2.0/include]
  ignore line: [ /usr/local/Cellar/avr-gcc/9.2.0_1/lib/avr-gcc/9/gcc/avr/9.2.0/include-fixed]
  ignore line: [ /usr/local/Cellar/avr-gcc/9.2.0_1/lib/avr-gcc/9/gcc/avr/9.2.0/../../../../../../avr/include]
  ignore line: [End of search list.]
  ignore line: [GNU C17 (GCC) version 9.2.0 (avr)]
  ignore line: [	compiled by GNU C version 4.2.1 Compatible Apple LLVM 11.0.0 (clang-1100.0.33.16)  GMP version 6.1.2  MPFR version 4.0.2  MPC version 1.1.0  isl version isl-0.22-GMP]
  ignore line: []
  ignore line: [GGC heuristics: --param ggc-min-expand=100 --param ggc-min-heapsize=131072]
  ignore line: [Compiler executable checksum: 40897289119adaa2229c362d7533e31f]
  ignore line: [COLLECT_GCC_OPTIONS='-v' '-o' 'CMakeFiles/cmTC_3e5c3.dir/CMakeCCompilerABI.c.obj' '-c' '-specs=device-specs/specs-avr2']
  ignore line: [ /usr/local/opt/avr-binutils/bin/avr-as -v -mmcu=avr2 -mgcc-isr -o CMakeFiles/cmTC_3e5c3.dir/CMakeCCompilerABI.c.obj /var/folders/l_/0v3r2nws4fxgl5gyvt4d0y3c0000gn/T//ccpRkAd3.s]
  ignore line: [GNU assembler version 2.33.1 (avr) using BFD version (GNU Binutils) 2.33.1]
  ignore line: [COMPILER_PATH=/usr/local/Cellar/avr-gcc/9.2.0_1/libexec/gcc/avr/9.2.0/:/usr/local/Cellar/avr-gcc/9.2.0_1/libexec/gcc/avr/9.2.0/:/usr/local/Cellar/avr-gcc/9.2.0_1/libexec/gcc/avr/:/usr/local/Cellar/avr-gcc/9.2.0_1/lib/avr-gcc/9/gcc/avr/9.2.0/:/usr/local/Cellar/avr-gcc/9.2.0_1/lib/avr-gcc/9/gcc/avr/]
  ignore line: [LIBRARY_PATH=/usr/local/Cellar/avr-gcc/9.2.0_1/lib/avr-gcc/9/gcc/avr/9.2.0/:/usr/local/Cellar/avr-gcc/9.2.0_1/lib/avr-gcc/9/gcc/avr/9.2.0/../../../../../../avr/lib/]
  ignore line: [COLLECT_GCC_OPTIONS='-v' '-o' 'CMakeFiles/cmTC_3e5c3.dir/CMakeCCompilerABI.c.obj' '-c' '-specs=device-specs/specs-avr2']
  ignore line: [Linking C executable cmTC_3e5c3]
  ignore line: ["/Users/avlec/Library/Application Support/JetBrains/Toolbox/apps/CLion/ch-0/201.5616.31/CLion 2020.1 EAP.app/Contents/bin/cmake/mac/bin/cmake" -E cmake_link_script CMakeFiles/cmTC_3e5c3.dir/link.txt --verbose=1]
  ignore line: [/usr/local/bin/avr-gcc     -v CMakeFiles/cmTC_3e5c3.dir/CMakeCCompilerABI.c.obj  -o cmTC_3e5c3 ]
  ignore line: [Using built-in specs.]
  ignore line: [Reading specs from /usr/local/Cellar/avr-gcc/9.2.0_1/lib/avr-gcc/9/gcc/avr/9.2.0/device-specs/specs-avr2]
  ignore line: [COLLECT_GCC=/usr/local/bin/avr-gcc]
  ignore line: [COLLECT_LTO_WRAPPER=/usr/local/Cellar/avr-gcc/9.2.0_1/libexec/gcc/avr/9.2.0/lto-wrapper]
  ignore line: [Target: avr]
  ignore line: [Configured with: ../configure --target=avr --prefix=/usr/local/Cellar/avr-gcc/9.2.0_1 --libdir=/usr/local/Cellar/avr-gcc/9.2.0_1/lib/avr-gcc/9 --enable-languages=c,c++ --with-ld=/usr/local/opt/avr-binutils/bin/avr-ld --with-as=/usr/local/opt/avr-binutils/bin/avr-as --disable-nls --disable-libssp --disable-shared --disable-threads --disable-libgomp --with-dwarf2]
  ignore line: [Thread model: single]
  ignore line: [gcc version 9.2.0 (GCC) ]
  ignore line: [COMPILER_PATH=/usr/local/Cellar/avr-gcc/9.2.0_1/libexec/gcc/avr/9.2.0/:/usr/local/Cellar/avr-gcc/9.2.0_1/libexec/gcc/avr/9.2.0/:/usr/local/Cellar/avr-gcc/9.2.0_1/libexec/gcc/avr/:/usr/local/Cellar/avr-gcc/9.2.0_1/lib/avr-gcc/9/gcc/avr/9.2.0/:/usr/local/Cellar/avr-gcc/9.2.0_1/lib/avr-gcc/9/gcc/avr/]
  ignore line: [LIBRARY_PATH=/usr/local/Cellar/avr-gcc/9.2.0_1/lib/avr-gcc/9/gcc/avr/9.2.0/:/usr/local/Cellar/avr-gcc/9.2.0_1/lib/avr-gcc/9/gcc/avr/9.2.0/../../../../../../avr/lib/]
  ignore line: [COLLECT_GCC_OPTIONS='-v' '-o' 'cmTC_3e5c3' '-specs=device-specs/specs-avr2']
  link line: [ /usr/local/Cellar/avr-gcc/9.2.0_1/libexec/gcc/avr/9.2.0/collect2 -plugin /usr/local/Cellar/avr-gcc/9.2.0_1/libexec/gcc/avr/9.2.0/liblto_plugin.so -plugin-opt=/usr/local/Cellar/avr-gcc/9.2.0_1/libexec/gcc/avr/9.2.0/lto-wrapper -plugin-opt=-fresolution=/var/folders/l_/0v3r2nws4fxgl5gyvt4d0y3c0000gn/T//cc62rYov.res -plugin-opt=-pass-through=-lgcc -plugin-opt=-pass-through=-lm -plugin-opt=-pass-through=-lc -o cmTC_3e5c3 -L/usr/local/Cellar/avr-gcc/9.2.0_1/lib/avr-gcc/9/gcc/avr/9.2.0 -L/usr/local/Cellar/avr-gcc/9.2.0_1/lib/avr-gcc/9/gcc/avr/9.2.0/../../../../../../avr/lib CMakeFiles/cmTC_3e5c3.dir/CMakeCCompilerABI.c.obj --start-group -lgcc -lm -lc --end-group]
    arg [/usr/local/Cellar/avr-gcc/9.2.0_1/libexec/gcc/avr/9.2.0/collect2] ==> ignore
    arg [-plugin] ==> ignore
    arg [/usr/local/Cellar/avr-gcc/9.2.0_1/libexec/gcc/avr/9.2.0/liblto_plugin.so] ==> ignore
    arg [-plugin-opt=/usr/local/Cellar/avr-gcc/9.2.0_1/libexec/gcc/avr/9.2.0/lto-wrapper] ==> ignore
    arg [-plugin-opt=-fresolution=/var/folders/l_/0v3r2nws4fxgl5gyvt4d0y3c0000gn/T//cc62rYov.res] ==> ignore
    arg [-plugin-opt=-pass-through=-lgcc] ==> ignore
    arg [-plugin-opt=-pass-through=-lm] ==> ignore
    arg [-plugin-opt=-pass-through=-lc] ==> ignore
    arg [-o] ==> ignore
    arg [cmTC_3e5c3] ==> ignore
    arg [-L/usr/local/Cellar/avr-gcc/9.2.0_1/lib/avr-gcc/9/gcc/avr/9.2.0] ==> dir [/usr/local/Cellar/avr-gcc/9.2.0_1/lib/avr-gcc/9/gcc/avr/9.2.0]
    arg [-L/usr/local/Cellar/avr-gcc/9.2.0_1/lib/avr-gcc/9/gcc/avr/9.2.0/../../../../../../avr/lib] ==> dir [/usr/local/Cellar/avr-gcc/9.2.0_1/lib/avr-gcc/9/gcc/avr/9.2.0/../../../../../../avr/lib]
    arg [CMakeFiles/cmTC_3e5c3.dir/CMakeCCompilerABI.c.obj] ==> ignore
    arg [--start-group] ==> ignore
    arg [-lgcc] ==> lib [gcc]
    arg [-lm] ==> lib [m]
    arg [-lc] ==> lib [c]
    arg [--end-group] ==> ignore
  collapse library dir [/usr/local/Cellar/avr-gcc/9.2.0_1/lib/avr-gcc/9/gcc/avr/9.2.0] ==> [/usr/local/Cellar/avr-gcc/9.2.0_1/lib/avr-gcc/9/gcc/avr/9.2.0]
  collapse library dir [/usr/local/Cellar/avr-gcc/9.2.0_1/lib/avr-gcc/9/gcc/avr/9.2.0/../../../../../../avr/lib] ==> [/usr/local/Cellar/avr-gcc/9.2.0_1/avr/lib]
  implicit libs: [gcc;m;c]
  implicit dirs: [/usr/local/Cellar/avr-gcc/9.2.0_1/lib/avr-gcc/9/gcc/avr/9.2.0;/usr/local/Cellar/avr-gcc/9.2.0_1/avr/lib]
  implicit fwks: []


